Test 1
Sorting algorithms for n= 100 and nrmax= 100:

Standard sort:
Sorted: YES
Elapsed time in milliseconds: 0 ms

ShellSort:
Sorted: YES
Elapsed time in milliseconds: 0 ms

ShellSort2:
Sorted: YES
Elapsed time in milliseconds: 0 ms

RadixSort2:
Sorted: YES
Elapsed time in milliseconds: 0 ms

RadixSort10:
Sorted: YES
Elapsed time in milliseconds: 0 ms

BubbleSort:
Sorted: YES
Elapsed time in milliseconds: 0 ms

MergeSort:
Sorted: YES
Elapsed time in milliseconds: 0 ms

QuickSort-random pivot:
Sorted: YES
Elapsed time in milliseconds: 0 ms

QuickSort-median of three pivot:
Sorted: YES
Elapsed time in milliseconds: 0 ms

